<?xml version="1.0" encoding="UTF-8"?>
<testng-results skipped="0" failed="1" ignored="0" total="1" passed="0">
  <reporter-output>
  </reporter-output>
  <suite name="Default suite" duration-ms="8844" started-at="2022-07-29T13:47:17Z" finished-at="2022-07-29T13:47:26Z">
    <groups>
    </groups>
    <test name="Default test" duration-ms="8844" started-at="2022-07-29T13:47:17Z" finished-at="2022-07-29T13:47:26Z">
      <class name="goibibo.SearchSteps">
        <test-method status="PASS" signature="beftest()[pri:0, instance:goibibo.SearchSteps@6767c1fc]" name="beftest" is-config="true" duration-ms="4655" started-at="2022-07-29T19:17:17Z" finished-at="2022-07-29T19:17:22Z">
          <reporter-output>
          </reporter-output>
        </test-method> <!-- beftest -->
        <test-method status="FAIL" signature="test()[pri:0, instance:goibibo.SearchSteps@6767c1fc]" name="test" duration-ms="5" started-at="2022-07-29T19:17:22Z" finished-at="2022-07-29T19:17:22Z">
          <exception class="java.lang.IllegalMonitorStateException">
            <full-stacktrace>
              <![CDATA[java.lang.IllegalMonitorStateException
	at java.lang.Object.wait(Native Method)
	at java.lang.Object.wait(Unknown Source)
	at goibibo.SearchSteps.test(SearchSteps.java:27)
	at sun.reflect.NativeMethodAccessorImpl.invoke0(Native Method)
	at sun.reflect.NativeMethodAccessorImpl.invoke(Unknown Source)
	at sun.reflect.DelegatingMethodAccessorImpl.invoke(Unknown Source)
	at java.lang.reflect.Method.invoke(Unknown Source)
	at org.testng.internal.MethodInvocationHelper.invokeMethod(MethodInvocationHelper.java:108)
	at org.testng.internal.Invoker.invokeMethod(Invoker.java:661)
	at org.testng.internal.Invoker.invokeTestMethod(Invoker.java:869)
	at org.testng.internal.Invoker.invokeTestMethods(Invoker.java:1193)
	at org.testng.internal.TestMethodWorker.invokeTestMethods(TestMethodWorker.java:126)
	at org.testng.internal.TestMethodWorker.run(TestMethodWorker.java:109)
	at org.testng.TestRunner.privateRun(TestRunner.java:744)
	at org.testng.TestRunner.run(TestRunner.java:602)
	at org.testng.SuiteRunner.runTest(SuiteRunner.java:380)
	at org.testng.SuiteRunner.runSequentially(SuiteRunner.java:375)
	at org.testng.SuiteRunner.privateRun(SuiteRunner.java:340)
	at org.testng.SuiteRunner.run(SuiteRunner.java:289)
	at org.testng.SuiteRunnerWorker.runSuite(SuiteRunnerWorker.java:52)
	at org.testng.SuiteRunnerWorker.run(SuiteRunnerWorker.java:86)
	at org.testng.TestNG.runSuitesSequentially(TestNG.java:1301)
	at org.testng.TestNG.runSuitesLocally(TestNG.java:1226)
	at org.testng.TestNG.runSuites(TestNG.java:1144)
	at org.testng.TestNG.run(TestNG.java:1115)
	at org.testng.remote.AbstractRemoteTestNG.run(AbstractRemoteTestNG.java:132)
	at org.testng.remote.RemoteTestNG.initAndRun(RemoteTestNG.java:230)
	at org.testng.remote.RemoteTestNG.main(RemoteTestNG.java:76)
]]>
            </full-stacktrace>
          </exception> <!-- java.lang.IllegalMonitorStateException -->
          <reporter-output>
          </reporter-output>
        </test-method> <!-- test -->
        <test-method status="PASS" signature="aftmethod()[pri:0, instance:goibibo.SearchSteps@6767c1fc]" name="aftmethod" is-config="true" duration-ms="4165" started-at="2022-07-29T19:17:22Z" finished-at="2022-07-29T19:17:26Z">
          <reporter-output>
          </reporter-output>
        </test-method> <!-- aftmethod -->
        <test-method status="PASS" signature="aftTest()[pri:0, instance:goibibo.SearchSteps@6767c1fc]" name="aftTest" is-config="true" duration-ms="0" started-at="2022-07-29T19:17:26Z" finished-at="2022-07-29T19:17:26Z">
          <reporter-output>
          </reporter-output>
        </test-method> <!-- aftTest -->
      </class> <!-- goibibo.SearchSteps -->
    </test> <!-- Default test -->
  </suite> <!-- Default suite -->
</testng-results>
